2025-06-02 03:53:41,926 INFO: Model sdt created, param count:2566054
2025-06-02 03:53:41,927 INFO: AMP not enabled. Training in float32.
2025-06-02 03:53:41,927 INFO: Scheduled epochs: 310
2025-06-02 03:53:42,306 INFO: Create dataloader: {'name': 'mj', 'root': '/home/bcl/Documents/mj_weather', 'train': True, 'download': False}
2025-06-02 03:54:07,914 INFO: Train: 0 [   0/1089 (  0%)]  Loss:  1.798418 (1.7984)  Time: 25.607s,    2.50/s  (25.607s,    2.50/s)  LR: 1.000e-06  Data: 10.260 (10.260)
2025-06-02 03:55:39,146 INFO: Train: 0 [ 100/1089 (  9%)]  Loss:  1.745481 (1.7620)  Time: 0.041s, 1572.43/s  (1.157s,   55.32/s)  LR: 1.000e-06  Data: 0.000 (0.965)
2025-06-02 03:57:09,858 INFO: Train: 0 [ 200/1089 ( 18%)]  Loss:  1.674719 (1.7324)  Time: 0.040s, 1609.51/s  (1.033s,   61.98/s)  LR: 1.000e-06  Data: 0.000 (0.916)
2025-06-02 03:58:49,378 INFO: Train: 0 [ 300/1089 ( 28%)]  Loss:  1.613805 (1.7042)  Time: 6.794s,    9.42/s  (1.020s,   62.74/s)  LR: 1.000e-06  Data: 6.754 (0.929)
2025-06-02 04:00:20,786 INFO: Train: 0 [ 400/1089 ( 37%)]  Loss:  1.621048 (1.6779)  Time: 0.040s, 1603.21/s  (0.994s,   64.41/s)  LR: 1.000e-06  Data: 0.000 (0.915)
2025-06-02 04:02:01,844 INFO: Train: 0 [ 500/1089 ( 46%)]  Loss:  1.526736 (1.6539)  Time: 7.717s,    8.29/s  (0.997s,   64.19/s)  LR: 1.000e-06  Data: 7.677 (0.926)
2025-06-02 04:03:31,214 INFO: Train: 0 [ 600/1089 ( 55%)]  Loss:  1.503530 (1.6343)  Time: 0.041s, 1574.94/s  (0.980s,   65.31/s)  LR: 1.000e-06  Data: 0.000 (0.914)
2025-06-02 04:05:06,855 INFO: Train: 0 [ 700/1089 ( 64%)]  Loss:  1.513376 (1.6159)  Time: 0.040s, 1580.54/s  (0.977s,   65.54/s)  LR: 1.000e-06  Data: 0.000 (0.915)
2025-06-02 04:06:45,504 INFO: Train: 0 [ 800/1089 ( 74%)]  Loss:  1.394628 (1.5993)  Time: 5.187s,   12.34/s  (0.978s,   65.46/s)  LR: 1.000e-06  Data: 5.147 (0.919)
2025-06-02 04:08:19,812 INFO: Train: 0 [ 900/1089 ( 83%)]  Loss:  1.402550 (1.5847)  Time: 0.040s, 1601.81/s  (0.974s,   65.71/s)  LR: 1.000e-06  Data: 0.000 (0.917)
2025-06-02 04:09:53,539 INFO: Train: 0 [1000/1089 ( 92%)]  Loss:  1.391157 (1.5718)  Time: 0.041s, 1567.33/s  (0.970s,   65.96/s)  LR: 1.000e-06  Data: 0.000 (0.915)
2025-06-02 04:11:12,135 INFO: Train: 0 [1088/1089 (100%)]  Loss:  1.491793 (1.5606)  Time: 0.039s, 1626.85/s  (0.964s,   66.39/s)  LR: 1.000e-06  Data: 0.000 (0.910)
2025-06-02 04:11:12,136 INFO: samples / s =  66.388
2025-06-02 04:11:20,461 INFO: Test: [   0/156]  Time: 8.325 (8.325)  Loss:  1.0913 (1.0913)  Acc@1: 84.3750 (84.3750)  Acc@5: 90.6250 (90.6250)
2025-06-02 04:12:21,925 INFO: Test: [ 100/156]  Time: 0.014 (0.691)  Loss:  1.4742 (1.0346)  Acc@1: 79.6875 (89.2791)  Acc@5: 93.7500 (96.5656)
2025-06-02 04:12:50,019 INFO: Test: [ 156/156]  Time: 0.101 (0.623)  Loss:  1.5249 (1.3347)  Acc@1:  0.0000 (60.1582)  Acc@5: 100.0000 (95.3239)
